<?xml version="1.0" encoding="UTF-8"?>
<testng-results skipped="0" failed="1" ignored="0" total="1" passed="0">
  <reporter-output>
  </reporter-output>
  <suite name="Default suite" duration-ms="8634" started-at="2022-06-22T15:28:31 PYT" finished-at="2022-06-22T15:28:39 PYT">
    <groups>
      <group name="cucumber">
        <method signature="AbstractTestNGCucumberTests.runScenario(io.cucumber.testng.PickleWrapper,io.cucumber.testng.FeatureWrapper)[pri:0, instance:RunCukesTest@7403c468]" name="runScenario" class="io.cucumber.testng.AbstractTestNGCucumberTests"/>
      </group> <!-- cucumber -->
    </groups>
    <test name="Default test" duration-ms="8634" started-at="2022-06-22T15:28:31 PYT" finished-at="2022-06-22T15:28:39 PYT">
      <class name="RunCukesTest">
        <test-method status="PASS" signature="setUpClass(org.testng.ITestContext)[pri:0, instance:RunCukesTest@7403c468]" name="setUpClass" is-config="true" duration-ms="533" started-at="2022-06-22T15:28:31 PYT" finished-at="2022-06-22T15:28:31 PYT">
          <params>
            <param index="0">
              <value>
                <![CDATA[org.testng.TestRunner@65e7f52a]]>
              </value>
            </param>
          </params>
          <reporter-output>
          </reporter-output>
        </test-method> <!-- setUpClass -->
        <test-method status="FAIL" signature="runScenario(io.cucumber.testng.PickleWrapper,io.cucumber.testng.FeatureWrapper)[pri:0, instance:RunCukesTest@7403c468]" name="runScenario" duration-ms="7844" started-at="2022-06-22T15:28:31 PYT" description="Runs Cucumber Scenarios" data-provider="scenarios" finished-at="2022-06-22T15:28:39 PYT">
          <params>
            <param index="0">
              <value>
                <![CDATA["Solicitud Registro usuario correcta"]]>
              </value>
            </param>
            <param index="1">
              <value>
                <![CDATA["Optional[Registro usuario portal]"]]>
              </value>
            </param>
          </params>
          <exception class="org.openqa.selenium.NoSuchElementException">
            <message>
              <![CDATA[Unable to locate element: /html/body/div[3]/div[3]/div/div[2]/form/div[2]/div/div[1]/button/span[1]
For documentation on this error, please visit: https://www.seleniumhq.org/exceptions/no_such_element.html
Build info: version: '3.141.59', revision: 'e82be7d358', time: '2018-11-14T08:17:03'
System info: host: 'AYLEN', ip: '192.168.0.3', os.name: 'Windows 11', os.arch: 'amd64', os.version: '10.0', java.version: '1.8.0_321'
Driver info: org.openqa.selenium.firefox.FirefoxDriver
Capabilities {acceptInsecureCerts: true, browserName: firefox, browserVersion: 101.0.1, javascriptEnabled: true, moz:accessibilityChecks: false, moz:buildID: 20220608170832, moz:geckodriverVersion: 0.30.0, moz:headless: false, moz:processID: 25296, moz:profile: C:\Users\aylen\AppData\Loca..., moz:shutdownTimeout: 60000, moz:useNonSpecCompliantPointerOrigin: false, moz:webdriverClick: true, pageLoadStrategy: normal, platform: WINDOWS, platformName: WINDOWS, platformVersion: 10.0, proxy: Proxy(), setWindowRect: true, strictFileInteractability: false, timeouts: {implicit: 0, pageLoad: 300000, script: 30000}, unhandledPromptBehavior: dismiss and notify}
Session ID: e50439a7-6edf-432a-ad40-dd96d05122b8
*** Element info: {Using=xpath, value=/html/body/div[3]/div[3]/div/div[2]/form/div[2]/div/div[1]/button/span[1]}]]>
            </message>
            <full-stacktrace>
              <![CDATA[org.openqa.selenium.NoSuchElementException: Unable to locate element: /html/body/div[3]/div[3]/div/div[2]/form/div[2]/div/div[1]/button/span[1]
For documentation on this error, please visit: https://www.seleniumhq.org/exceptions/no_such_element.html
Build info: version: '3.141.59', revision: 'e82be7d358', time: '2018-11-14T08:17:03'
System info: host: 'AYLEN', ip: '192.168.0.3', os.name: 'Windows 11', os.arch: 'amd64', os.version: '10.0', java.version: '1.8.0_321'
Driver info: org.openqa.selenium.firefox.FirefoxDriver
Capabilities {acceptInsecureCerts: true, browserName: firefox, browserVersion: 101.0.1, javascriptEnabled: true, moz:accessibilityChecks: false, moz:buildID: 20220608170832, moz:geckodriverVersion: 0.30.0, moz:headless: false, moz:processID: 25296, moz:profile: C:\Users\aylen\AppData\Loca..., moz:shutdownTimeout: 60000, moz:useNonSpecCompliantPointerOrigin: false, moz:webdriverClick: true, pageLoadStrategy: normal, platform: WINDOWS, platformName: WINDOWS, platformVersion: 10.0, proxy: Proxy(), setWindowRect: true, strictFileInteractability: false, timeouts: {implicit: 0, pageLoad: 300000, script: 30000}, unhandledPromptBehavior: dismiss and notify}
Session ID: e50439a7-6edf-432a-ad40-dd96d05122b8
*** Element info: {Using=xpath, value=/html/body/div[3]/div[3]/div/div[2]/form/div[2]/div/div[1]/button/span[1]}
at sun.reflect.NativeConstructorAccessorImpl.newInstance0(Native Method)
at sun.reflect.NativeConstructorAccessorImpl.newInstance(NativeConstructorAccessorImpl.java:62)
at sun.reflect.DelegatingConstructorAccessorImpl.newInstance(DelegatingConstructorAccessorImpl.java:45)
at java.lang.reflect.Constructor.newInstance(Constructor.java:423)
at org.openqa.selenium.remote.http.W3CHttpResponseCodec.createException(W3CHttpResponseCodec.java:187)
at org.openqa.selenium.remote.http.W3CHttpResponseCodec.decode(W3CHttpResponseCodec.java:122)
at org.openqa.selenium.remote.http.W3CHttpResponseCodec.decode(W3CHttpResponseCodec.java:49)
at org.openqa.selenium.remote.HttpCommandExecutor.execute(HttpCommandExecutor.java:158)
at org.openqa.selenium.remote.service.DriverCommandExecutor.execute(DriverCommandExecutor.java:83)
at org.openqa.selenium.remote.RemoteWebDriver.execute(RemoteWebDriver.java:552)
at org.openqa.selenium.remote.RemoteWebDriver.findElement(RemoteWebDriver.java:323)
at org.openqa.selenium.remote.RemoteWebDriver.findElementByXPath(RemoteWebDriver.java:428)
at org.openqa.selenium.By$ByXPath.findElement(By.java:353)
at org.openqa.selenium.remote.RemoteWebDriver.findElement(RemoteWebDriver.java:315)
at stepDefinition.RegistroUsuario.envia_solicitud_con_los_datos_introducidos(RegistroUsuario.java:89)
at ✽.envia solicitud con los datos introducidos correctamente(file:///C:/Users/aylen/Documents/WillDom/Proyecto%20cucumber/eclipse-workspace/CucumberTest/src/test/resources/features/registroUsuario.feature:11)
]]>
            </full-stacktrace>
          </exception> <!-- org.openqa.selenium.NoSuchElementException -->
          <reporter-output>
          </reporter-output>
        </test-method> <!-- runScenario -->
        <test-method status="PASS" signature="tearDownClass()[pri:0, instance:RunCukesTest@7403c468]" name="tearDownClass" is-config="true" duration-ms="226" started-at="2022-06-22T15:28:39 PYT" finished-at="2022-06-22T15:28:39 PYT">
          <reporter-output>
          </reporter-output>
        </test-method> <!-- tearDownClass -->
      </class> <!-- RunCukesTest -->
    </test> <!-- Default test -->
  </suite> <!-- Default suite -->
</testng-results>
